<?xml version="1.0" encoding="UTF-8"?>
<!-- Generated by org.testng.reporters.JUnitReportReporter -->
<testsuite hostname="Cal-NileshMathur" failures="0" tests="3" name="com.atcost.testCases.TC_Login_001" time="46.402" errors="0" timestamp="2023-05-23T14:45:13 IST" skipped="0">
  <testcase classname="com.atcost.testCases.TC_Login_001" name="loginwithVaildData" time="14.775"/>
  <system-out/>
  <testcase classname="com.atcost.testCases.TC_Login_001" name="loginwithInVaildData" time="13.797"/>
  <system-out/>
  <testcase classname="com.atcost.testCases.TC_Login_001" name="loginwithInVaildData" time="17.830"/>
  <system-out/>
</testsuite> <!-- com.atcost.testCases.TC_Login_001 -->
