<?xml version="1.0" encoding="UTF-8"?>
<!-- Generated by org.testng.reporters.JUnitReportReporter -->
<testsuite hostname="Cal-AshishD" failures="0" tests="1" name="com.atcost.testCases.TC_RegisterPage_002" time="27.708" errors="0" timestamp="2023-05-11T13:07:11 IST" skipped="0">
  <testcase classname="com.atcost.testCases.TC_RegisterPage_002" name="NewuserRegister" time="27.708"/>
  <system-out/>
</testsuite> <!-- com.atcost.testCases.TC_RegisterPage_002 -->
