<?xml version="1.0" encoding="UTF-8"?>
<!-- Generated by org.testng.reporters.JUnitReportReporter -->
<testsuite hostname="Cal-AshishD" failures="0" tests="3" name="com.atcost.testCases.TC_Login_001" time="48.506" errors="0" timestamp="2023-05-10T13:18:29 IST" skipped="0">
  <testcase classname="com.atcost.testCases.TC_Login_001" name="loginwithVaildData" time="14.971"/>
  <system-out/>
  <testcase classname="com.atcost.testCases.TC_Login_001" name="loginwithInVaildData" time="16.195"/>
  <system-out/>
  <testcase classname="com.atcost.testCases.TC_Login_001" name="loginwithInVaildData" time="17.340"/>
  <system-out/>
</testsuite> <!-- com.atcost.testCases.TC_Login_001 -->
